[21:48:49][2][MiniServer.kt][main][324].[i] = starting in: /home/xor/Documents/dev/IdeaProjects/drive
[21:48:49][3][MiniServer.kt][main][325].[i] = starting with parameters:  -https 8443 -http
[21:48:49][4][MiniServer.kt][main][338].[i] = dir: /home/xor/Documents/dev/IdeaProjects/drive/server
[21:48:49][5][MiniServer.kt][main][339].[i] = auth port: 8448, transfer port: 8449, http port: 8080
[21:48:53][6][MiniServer.kt][<init>][143].[i] = looking for files in /home/xor/Documents/dev/IdeaProjects/drive/server/files
[21:48:53][7][MiniServer.kt][<init>][151].[i] = reading binary: /home/xor/Documents/dev/IdeaProjects/drive/server/files/bla.apk
[21:48:53][8][MiniServer.kt][<init>][152].[i] = reading  props: /home/xor/Documents/dev/IdeaProjects/drive/server/files/bla.apk.properties
[21:48:53][9][EncSocketOpener.kt][run][31].[i] = binding auth socket opener to    : 8448
[21:48:53][10][BinarySocketOpener.kt][run][28].[i] = binding binary socket opener to    : 8449
[21:48:53][11][BinarySocketOpener.kt][run][31].[i] = successfully bound binary socket to: 8449
[21:48:53][12][CertificateManager.java][getSSLContext][304].[e] = X509 failed. trying(SunX509)
[21:48:53][13][CertificateManager.java][getSSLContext][304].[e] = X509 failed. trying(SunX509)
[21:48:53][14][EncSocketOpener.kt][run][35].[i] = successfully bound auth socket to: 8448
[21:48:53][15][CertificateManager.java][getSSLContext][304].[e] = X509 failed. trying(SunX509)
[21:48:54][16][MiniServer.kt][start][204].[i] = I am up!
[21:50:15][17][HttpsThingy.kt][invoke][143].[i] = launching build
[21:50:15][18][HttpContextCreator.kt][contextCalled$serverparts][135].[w] = close /api/build
[21:50:15][19][Deploy.kt][run][15].[i] = run()
[21:50:15][20][Deploy.kt][run][17].[i] = running
[21:50:15][21][Deploy.kt][fetch][150].[i] = skipping fetch for now...
[21:50:15][22][Deploy.kt][invokeSuspend][27].[i] = working dir /home/xor/Documents/dev/IdeaProjects/drive
[21:50:15][23][Processor.kt][run][25].[i] = bash:  git pull -v
[21:50:16][24][Processor.kt][run][39].[e] = command ' git pull -v' finished with 1
[21:50:16][25][Processor.kt][accept][68].[i] = ssh_askpass: exec(/usr/lib/ssh/ssh-askpass): No such file or directory
[21:50:16][26][Processor.kt][accept][68].[i] = git@github.com: Permission denied (publickey).
[21:50:16][27][Processor.kt][accept][68].[i] = fatal: Konnte nicht vom Remote-Repository lesen.
[21:50:16][28][Processor.kt][accept][68].[i] = 
[21:50:16][29][Processor.kt][accept][68].[i] = Bitte stellen Sie sicher, dass die korrekten Zugriffsberechtigungen bestehen
[21:50:16][30][Processor.kt][accept][68].[i] = und das Repository existiert.
